running egg_info
creating build/ucsd_robodog/ucsd_robodog.egg-info
writing build/ucsd_robodog/ucsd_robodog.egg-info/PKG-INFO
writing dependency_links to build/ucsd_robodog/ucsd_robodog.egg-info/dependency_links.txt
writing entry points to build/ucsd_robodog/ucsd_robodog.egg-info/entry_points.txt
writing requirements to build/ucsd_robodog/ucsd_robodog.egg-info/requires.txt
writing top-level names to build/ucsd_robodog/ucsd_robodog.egg-info/top_level.txt
writing manifest file 'build/ucsd_robodog/ucsd_robodog.egg-info/SOURCES.txt'
reading manifest file 'build/ucsd_robodog/ucsd_robodog.egg-info/SOURCES.txt'
writing manifest file 'build/ucsd_robodog/ucsd_robodog.egg-info/SOURCES.txt'
running build
running build_py
creating /home/projects/ros2_ws/src/ucsd_robocar_hub2/ucsd_robodog/build/ucsd_robodog/build
creating /home/projects/ros2_ws/src/ucsd_robocar_hub2/ucsd_robodog/build/ucsd_robodog/build/lib
creating /home/projects/ros2_ws/src/ucsd_robocar_hub2/ucsd_robodog/build/ucsd_robodog/build/lib/ucsd_robodog
copying ucsd_robodog/__init__.py -> /home/projects/ros2_ws/src/ucsd_robocar_hub2/ucsd_robodog/build/ucsd_robodog/build/lib/ucsd_robodog
copying ucsd_robodog/gesture_detector_node.py -> /home/projects/ros2_ws/src/ucsd_robocar_hub2/ucsd_robodog/build/ucsd_robodog/build/lib/ucsd_robodog
copying ucsd_robodog/lidar_node.py -> /home/projects/ros2_ws/src/ucsd_robocar_hub2/ucsd_robodog/build/ucsd_robodog/build/lib/ucsd_robodog
running install
running install_lib
creating /home/projects/ros2_ws/src/ucsd_robocar_hub2/ucsd_robodog/install/ucsd_robodog/lib/python3.8/site-packages/ucsd_robodog
copying /home/projects/ros2_ws/src/ucsd_robocar_hub2/ucsd_robodog/build/ucsd_robodog/build/lib/ucsd_robodog/__init__.py -> /home/projects/ros2_ws/src/ucsd_robocar_hub2/ucsd_robodog/install/ucsd_robodog/lib/python3.8/site-packages/ucsd_robodog
copying /home/projects/ros2_ws/src/ucsd_robocar_hub2/ucsd_robodog/build/ucsd_robodog/build/lib/ucsd_robodog/gesture_detector_node.py -> /home/projects/ros2_ws/src/ucsd_robocar_hub2/ucsd_robodog/install/ucsd_robodog/lib/python3.8/site-packages/ucsd_robodog
copying /home/projects/ros2_ws/src/ucsd_robocar_hub2/ucsd_robodog/build/ucsd_robodog/build/lib/ucsd_robodog/lidar_node.py -> /home/projects/ros2_ws/src/ucsd_robocar_hub2/ucsd_robodog/install/ucsd_robodog/lib/python3.8/site-packages/ucsd_robodog
byte-compiling /home/projects/ros2_ws/src/ucsd_robocar_hub2/ucsd_robodog/install/ucsd_robodog/lib/python3.8/site-packages/ucsd_robodog/__init__.py to __init__.cpython-38.pyc
byte-compiling /home/projects/ros2_ws/src/ucsd_robocar_hub2/ucsd_robodog/install/ucsd_robodog/lib/python3.8/site-packages/ucsd_robodog/gesture_detector_node.py to gesture_detector_node.cpython-38.pyc
byte-compiling /home/projects/ros2_ws/src/ucsd_robocar_hub2/ucsd_robodog/install/ucsd_robodog/lib/python3.8/site-packages/ucsd_robodog/lidar_node.py to lidar_node.cpython-38.pyc
running install_data
creating /home/projects/ros2_ws/src/ucsd_robocar_hub2/ucsd_robodog/install/ucsd_robodog/share/ament_index
creating /home/projects/ros2_ws/src/ucsd_robocar_hub2/ucsd_robodog/install/ucsd_robodog/share/ament_index/resource_index
creating /home/projects/ros2_ws/src/ucsd_robocar_hub2/ucsd_robodog/install/ucsd_robodog/share/ament_index/resource_index/packages
copying resource/ucsd_robodog -> /home/projects/ros2_ws/src/ucsd_robocar_hub2/ucsd_robodog/install/ucsd_robodog/share/ament_index/resource_index/packages
copying package.xml -> /home/projects/ros2_ws/src/ucsd_robocar_hub2/ucsd_robodog/install/ucsd_robodog/share/ucsd_robodog
creating /home/projects/ros2_ws/src/ucsd_robocar_hub2/ucsd_robodog/install/ucsd_robodog/share/ucsd_robodog/launch
copying launch/robodog.launch.py -> /home/projects/ros2_ws/src/ucsd_robocar_hub2/ucsd_robodog/install/ucsd_robodog/share/ucsd_robodog/launch
running install_egg_info
Copying build/ucsd_robodog/ucsd_robodog.egg-info to /home/projects/ros2_ws/src/ucsd_robocar_hub2/ucsd_robodog/install/ucsd_robodog/lib/python3.8/site-packages/ucsd_robodog-0.0.0-py3.8.egg-info
running install_scripts
Installing gesture_cmd_node script to /home/projects/ros2_ws/src/ucsd_robocar_hub2/ucsd_robodog/install/ucsd_robodog/lib/ucsd_robodog
Installing lidar_test_executable = ucsd_robodog.lidar_node:maingesture_detector_node script to /home/projects/ros2_ws/src/ucsd_robocar_hub2/ucsd_robodog/install/ucsd_robodog/lib/ucsd_robodog
writing list of installed files to '/home/projects/ros2_ws/src/ucsd_robocar_hub2/ucsd_robodog/build/ucsd_robodog/install.log'
